c:\users\smitty\documents\github\labrat\up\up\debug\vc141.pdb
c:\users\smitty\documents\github\labrat\up\up\debug\vc141.idb
c:\users\smitty\documents\github\labrat\up\up\debug\up.obj
c:\users\smitty\documents\github\nwt\c2\up\up\debug\vc141.pdb
c:\users\smitty\documents\github\nwt\c2\up\up\debug\vc141.idb
c:\users\smitty\documents\github\nwt\c2\up\up\debug\svc.obj
c:\users\smitty\documents\github\labrat\up\debug\up.exe
c:\users\smitty\documents\github\labrat\up\debug\up.ilk
c:\users\smitty\documents\github\labrat\up\debug\up.pdb
c:\users\smitty\documents\github\nwt\c2\up\debug\up.pdb
c:\users\smitty\documents\github\nwt\c2\up\up\debug\up.tlog\cl.command.1.tlog
c:\users\smitty\documents\github\nwt\c2\up\up\debug\up.tlog\cl.read.1.tlog
c:\users\smitty\documents\github\nwt\c2\up\up\debug\up.tlog\cl.write.1.tlog
c:\users\smitty\documents\github\nwt\c2\up\up\debug\up.tlog\link-cvtres.read.1.tlog
c:\users\smitty\documents\github\nwt\c2\up\up\debug\up.tlog\link-cvtres.write.1.tlog
c:\users\smitty\documents\github\nwt\c2\up\up\debug\up.tlog\link-rc.read.1.tlog
c:\users\smitty\documents\github\nwt\c2\up\up\debug\up.tlog\link-rc.write.1.tlog
c:\users\smitty\documents\github\nwt\c2\up\up\debug\up.tlog\link.command.1.tlog
c:\users\smitty\documents\github\nwt\c2\up\up\debug\up.tlog\link.read.1.tlog
c:\users\smitty\documents\github\nwt\c2\up\up\debug\up.tlog\link.write.1.tlog
