Wait
Reading
Killing
Wait
Reading
Killing
Wait
Reading
Wait
Reading
Killing
(current) UNIX password: passwd: Authentication token manipulation error
passwd: password unchanged
Wait
Reading
Wait
Reading
Killing
Wait
Reading
Killing
Wait
Reading
Killing
Wait
Reading
Killing
Wait
Reading
Killing
Wait
Reading
Killing
Wait
Reading
Wait
Reading
Killing
(current) UNIX password: passwd: Authentication token manipulation error
passwd: password unchanged
Wait
Reading
Wait
Reading
Killing
Wait
Reading
Wait
Reading
Killing
Wait
Reading
Killing
Wait
Reading
Killing
Wait
Reading
Killing
Wait
Reading
Killing
Wait
Reading
Killing
Wait
Reading
Killing
Wait
Reading
Wait
Reading
Killing
Wait
Reading
Wait
Reading
Killing
Wait
Reading
Wait
Reading
Killing
(current) UNIX password: passwd: Authentication token manipulation error
passwd: password unchanged
Wait
Reading
Wait
Reading
Killing
Wait
Reading
Wait
Reading
Killing
Wait
Reading
Wait
Reading
Killing
Wait
Reading
Wait
Reading
Killing
res: 0
res: 0
res: 0
Ready!res: 0
